[35m[Appium][39m Welcome to Appium v1.17.1
[35m[Appium][39m Non-default server args:
[35m[Appium][39m   port: 59194
[35m[Appium][39m   loglevel: info
[35m[Appium][39m   tmpDir: C:\Users\benja\AppData\Local\Temp\\Katalon\Appium\Temp1589762191970
[35m[Appium][39m   chromedriverPort: 59195
[35m[Appium][39m Deprecated server args:
[35m[Appium][39m   [31m--chromedriver-port[39m => --default-capabilities '{"chromedriverPort":59195}'
[35m[Appium][39m Default capabilities, which will be added to each request unless overridden by desired capabilities:
[35m[Appium][39m   chromedriverPort: 59195
[35m[Appium][39m Appium REST http interface listener started on 0.0.0.0:59194
[35m[HTTP][39m [37m-->[39m [37mGET[39m [37m/wd/hub/status[39m
[35m[HTTP][39m [90m{}[39m
[35m[HTTP][39m [37m<-- GET /wd/hub/status [39m[32m200[39m [90m12 ms - 68[39m
[35m[HTTP][39m [90m[39m
[35m[HTTP][39m [37m-->[39m [37mGET[39m [37m/wd/hub/status[39m
[35m[HTTP][39m [90m{}[39m
[35m[HTTP][39m [37m<-- GET /wd/hub/status [39m[32m200[39m [90m2 ms - 68[39m
[35m[HTTP][39m [90m[39m
[35m[HTTP][39m [37m-->[39m [37mPOST[39m [37m/wd/hub/session[39m
[35m[HTTP][39m [90m{"desiredCapabilities":{"app":"C:\\Users\\benja\\Downloads\\TenjiApp (2)\\TenjiApp.apk","noReset":true,"deviceName":"samsung SM-A805F (Android 9)","fullReset":false,"platform":"ANDROID","newCommandTimeout":1800,"platformVersion":"9","automationName":"uiautomator2","autoGrantPermissions":true,"platformName":"Android","udid":"RR8M708KZKF","systemPort":59204},"capabilities":{"firstMatch":[{"appium:app":"C:\\Users\\benja\\Downloads\\TenjiApp (2)\\TenjiApp.apk","appium:autoGrantPermissions":true,"appium:automationName":"uiautomator2","appium:deviceName":"samsung SM-A805F (Android 9)","appium:fullReset":false,"appium:newCommandTimeout":1800,"appium:noReset":true,"platform":"ANDROID","platformName":"android","appium:platformVersion":"9","appium:systemPort":59204,"appium:udid":"RR8M708KZKF"}]}}[39m
[35m[BaseDriver][39m The following capabilities are not standard capabilities and should have an extension prefix:
[35m[BaseDriver][39m   platform
[35m[BaseDriver][39m   chromedriverPort
[35m[Appium][39m Appium v1.17.1 creating new AndroidUiautomator2Driver (v1.44.2) session
[35m[BaseDriver][39m The following capabilities were provided, but are not recognized by Appium:
[35m[BaseDriver][39m   platform
[35m[BaseDriver][39m Session created with session id: acc82b60-f2a0-4c39-b255-b8c6bfd24bb0
[35m[BaseDriver][39m Using local app 'C:\Users\benja\Downloads\TenjiApp (2)\TenjiApp.apk'
[35m[ADB][39m Found 1 'build-tools' folders under 'C:\Users\benja\.katalon\tools\android_sdk' (newest first):
[35m[ADB][39m     C:/Users/benja/.katalon/tools/android_sdk/build-tools/29.0.3
[35m[ADB][39m Using 'adb.exe' from 'C:\Users\benja\.katalon\tools\android_sdk\platform-tools\adb.exe'
[35m[AndroidDriver][39m Retrieving device list
[35m[AndroidDriver][39m Using device: RR8M708KZKF
[35m[ADB][39m Using 'adb.exe' from 'C:\Users\benja\.katalon\tools\android_sdk\platform-tools\adb.exe'
[35m[ADB][39m Getting device platform version
[35m[UiAutomator2][39m Relaxing hidden api policy
[35m[ADB][39m Package name: 'com.quipper.tenji'
[35m[ADB][39m Main activity name: 'com.quipper.tenji.MainActivity'
[35m[ADB][39m Using 'apksigner.jar' from 'C:\Users\benja\.katalon\tools\android_sdk\build-tools\29.0.3\lib\apksigner.jar'
[35m[UiAutomator2][39m Server packages are not going to be (re)installed
[35m[ADB][39m The application at 'C:\Users\benja\Downloads\TenjiApp (2)\TenjiApp.apk' will not be cached, because the device under test has confirmed the support of streamed installs
[35m[ADB][39m The installation of 'TenjiApp.apk' took 2672ms
[35m[UiAutomator2][39m Starting UIAutomator2 server 4.5.5
[35m[UiAutomator2][39m Using UIAutomator2 server from 'C:\Users\benja\AppData\Roaming\npm\node_modules\appium\node_modules\appium-uiautomator2-server\apks\appium-uiautomator2-server-v4.5.5.apk' and test from 'C:\Users\benja\AppData\Roaming\npm\node_modules\appium\node_modules\appium-uiautomator2-server\apks\appium-uiautomator2-server-debug-androidTest.apk'
[35m[UiAutomator2][39m Waiting up to 30000ms for UiAutomator2 to be online...
[35m[WD Proxy][39m Got response with unknown status: {"code":"ECONNRESET"}
[35m[WD Proxy][39m Got response with unknown status: {"code":"ECONNRESET"}
[35m[WD Proxy][39m Determined the downstream protocol as 'W3C'
[35m[AndroidDriver][39m Screen already unlocked, doing nothing
[35m[UiAutomator2][39m Starting 'com.quipper.tenji/com.quipper.tenji.MainActivity and waiting for 'com.quipper.tenji/com.quipper.tenji.MainActivity'
[35m[Appium][39m New AndroidUiautomator2Driver session created successfully, session acc82b60-f2a0-4c39-b255-b8c6bfd24bb0 added to master session list
[35m[HTTP][39m [37m<-- POST /wd/hub/session [39m[32m200[39m [90m17844 ms - 1260[39m
[35m[HTTP][39m [90m[39m
[35m[HTTP][39m [37m-->[39m [37mGET[39m [37m/wd/hub/session/acc82b60-f2a0-4c39-b255-b8c6bfd24bb0[39m
[35m[HTTP][39m [90m{}[39m
[35m[HTTP][39m [37m<-- GET /wd/hub/session/acc82b60-f2a0-4c39-b255-b8c6bfd24bb0 [39m[32m200[39m [90m27 ms - 1192[39m
[35m[HTTP][39m [90m[39m
[35m[HTTP][39m [37m-->[39m [37mGET[39m [37m/wd/hub/session/acc82b60-f2a0-4c39-b255-b8c6bfd24bb0[39m
[35m[HTTP][39m [90m{}[39m
[35m[HTTP][39m [37m<-- GET /wd/hub/session/acc82b60-f2a0-4c39-b255-b8c6bfd24bb0 [39m[32m200[39m [90m25 ms - 1192[39m
[35m[HTTP][39m [90m[39m
[35m[HTTP][39m [37m-->[39m [37mGET[39m [37m/wd/hub/status[39m
[35m[HTTP][39m [90m{}[39m
[35m[HTTP][39m [37m<-- GET /wd/hub/status [39m[32m200[39m [90m1 ms - 68[39m
[35m[HTTP][39m [90m[39m
[35m[HTTP][39m [37m-->[39m [37mPOST[39m [37m/wd/hub/session/acc82b60-f2a0-4c39-b255-b8c6bfd24bb0/timeouts[39m
[35m[HTTP][39m [90m{"implicit":60000}[39m
[35m[HTTP][39m [37m<-- POST /wd/hub/session/acc82b60-f2a0-4c39-b255-b8c6bfd24bb0/timeouts [39m[32m200[39m [90m8 ms - 14[39m
[35m[HTTP][39m [90m[39m
[35m[HTTP][39m [37m-->[39m [37mGET[39m [37m/wd/hub/session/acc82b60-f2a0-4c39-b255-b8c6bfd24bb0/source[39m
[35m[HTTP][39m [90m{}[39m
[35m[W3C (acc82b60)][39m Driver proxy active, passing request on via HTTP proxy
[35m[WD Proxy][39m Replacing sessionId 22172a7e-9387-4cb8-bdac-ddb10d2b03a6 with acc82b60-f2a0-4c39-b255-b8c6bfd24bb0
[35m[HTTP][39m [37m<-- GET /wd/hub/session/acc82b60-f2a0-4c39-b255-b8c6bfd24bb0/source [39m[32m200[39m [90m1519 ms - 19378[39m
[35m[HTTP][39m [90m[39m
[35m[HTTP][39m [37m-->[39m [37mGET[39m [37m/wd/hub/session/acc82b60-f2a0-4c39-b255-b8c6bfd24bb0/screenshot[39m
[35m[HTTP][39m [90m{}[39m
[35m[HTTP][39m [37m<-- GET /wd/hub/session/acc82b60-f2a0-4c39-b255-b8c6bfd24bb0/screenshot [39m[32m200[39m [90m981 ms - 1010486[39m
[35m[HTTP][39m [90m[39m
[35m[HTTP][39m [37m-->[39m [37mGET[39m [37m/wd/hub/session/acc82b60-f2a0-4c39-b255-b8c6bfd24bb0/source[39m
[35m[HTTP][39m [90m{}[39m
[35m[W3C (acc82b60)][39m Driver proxy active, passing request on via HTTP proxy
[35m[WD Proxy][39m Replacing sessionId 22172a7e-9387-4cb8-bdac-ddb10d2b03a6 with acc82b60-f2a0-4c39-b255-b8c6bfd24bb0
[35m[HTTP][39m [37m<-- GET /wd/hub/session/acc82b60-f2a0-4c39-b255-b8c6bfd24bb0/source [39m[32m200[39m [90m281 ms - 4052[39m
[35m[HTTP][39m [90m[39m
[35m[HTTP][39m [37m-->[39m [37mGET[39m [37m/wd/hub/session/acc82b60-f2a0-4c39-b255-b8c6bfd24bb0/screenshot[39m
[35m[HTTP][39m [90m{}[39m
[35m[HTTP][39m [37m<-- GET /wd/hub/session/acc82b60-f2a0-4c39-b255-b8c6bfd24bb0/screenshot [39m[32m200[39m [90m1332 ms - 1287584[39m
[35m[HTTP][39m [90m[39m
[35m[HTTP][39m [37m-->[39m [37mGET[39m [37m/wd/hub/session/acc82b60-f2a0-4c39-b255-b8c6bfd24bb0/source[39m
[35m[HTTP][39m [90m{}[39m
[35m[W3C (acc82b60)][39m Driver proxy active, passing request on via HTTP proxy
[35m[WD Proxy][39m Replacing sessionId 22172a7e-9387-4cb8-bdac-ddb10d2b03a6 with acc82b60-f2a0-4c39-b255-b8c6bfd24bb0
[35m[HTTP][39m [37m<-- GET /wd/hub/session/acc82b60-f2a0-4c39-b255-b8c6bfd24bb0/source [39m[32m200[39m [90m1293 ms - 18677[39m
[35m[HTTP][39m [90m[39m
[35m[HTTP][39m [37m-->[39m [37mGET[39m [37m/wd/hub/session/acc82b60-f2a0-4c39-b255-b8c6bfd24bb0/screenshot[39m
[35m[HTTP][39m [90m{}[39m
[35m[HTTP][39m [37m<-- GET /wd/hub/session/acc82b60-f2a0-4c39-b255-b8c6bfd24bb0/screenshot [39m[32m200[39m [90m1361 ms - 1287542[39m
[35m[HTTP][39m [90m[39m
[35m[HTTP][39m [37m-->[39m [37mGET[39m [37m/wd/hub/session/acc82b60-f2a0-4c39-b255-b8c6bfd24bb0/source[39m
[35m[HTTP][39m [90m{}[39m
[35m[W3C (acc82b60)][39m Driver proxy active, passing request on via HTTP proxy
[35m[WD Proxy][39m Replacing sessionId 22172a7e-9387-4cb8-bdac-ddb10d2b03a6 with acc82b60-f2a0-4c39-b255-b8c6bfd24bb0
[35m[HTTP][39m [37m<-- GET /wd/hub/session/acc82b60-f2a0-4c39-b255-b8c6bfd24bb0/source [39m[32m200[39m [90m1157 ms - 22810[39m
[35m[HTTP][39m [90m[39m
[35m[HTTP][39m [37m-->[39m [37mGET[39m [37m/wd/hub/session/acc82b60-f2a0-4c39-b255-b8c6bfd24bb0/screenshot[39m
[35m[HTTP][39m [90m{}[39m
[35m[HTTP][39m [37m<-- GET /wd/hub/session/acc82b60-f2a0-4c39-b255-b8c6bfd24bb0/screenshot [39m[32m200[39m [90m699 ms - 301902[39m
[35m[HTTP][39m [90m[39m
[35m[HTTP][39m [37m-->[39m [37mGET[39m [37m/wd/hub/session/acc82b60-f2a0-4c39-b255-b8c6bfd24bb0/window/rect[39m
[35m[HTTP][39m [90m{}[39m
[35m[HTTP][39m [37m<-- GET /wd/hub/session/acc82b60-f2a0-4c39-b255-b8c6bfd24bb0/window/rect [39m[32m200[39m [90m75 ms - 50[39m
[35m[HTTP][39m [90m[39m
[35m[HTTP][39m [37m-->[39m [37mPOST[39m [37m/wd/hub/session/acc82b60-f2a0-4c39-b255-b8c6bfd24bb0/elements[39m
[35m[HTTP][39m [90m{"using":"xpath","value":"//hierarchy/android.widget.FrameLayout[1]/android.widget.LinearLayout[1]/android.widget.FrameLayout[1]/android.view.ViewGroup[1]/android.widget.FrameLayout[2]/android.webkit.WebView[1]/android.webkit.WebView[1]/android.view.View[1]/android.view.View[1]/android.view.View[3]/android.view.View[1]/android.view.View[1]"}[39m
[35m[HTTP][39m [37m<-- POST /wd/hub/session/acc82b60-f2a0-4c39-b255-b8c6bfd24bb0/elements [39m[32m200[39m [90m1238 ms - 139[39m
[35m[HTTP][39m [90m[39m
[35m[HTTP][39m [37m-->[39m [37mGET[39m [37m/wd/hub/session/acc82b60-f2a0-4c39-b255-b8c6bfd24bb0/element/e317052d-9c1d-4796-87df-7896a9a0c95a/location[39m
[35m[HTTP][39m [90m{}[39m
[35m[W3C (acc82b60)][39m Driver proxy active, passing request on via HTTP proxy
[35m[WD Proxy][39m Replacing sessionId 22172a7e-9387-4cb8-bdac-ddb10d2b03a6 with acc82b60-f2a0-4c39-b255-b8c6bfd24bb0
[35m[HTTP][39m [37m<-- GET /wd/hub/session/acc82b60-f2a0-4c39-b255-b8c6bfd24bb0/element/e317052d-9c1d-4796-87df-7896a9a0c95a/location [39m[32m200[39m [90m75 ms - 77[39m
[35m[HTTP][39m [90m[39m
[35m[HTTP][39m [37m-->[39m [37mPOST[39m [37m/wd/hub/session/acc82b60-f2a0-4c39-b255-b8c6bfd24bb0/touch/perform[39m
[35m[HTTP][39m [90m{"actions":[{"action":"tap","options":{"x":1,"y":1,"element":"e317052d-9c1d-4796-87df-7896a9a0c95a"}}]}[39m
[35m[UiAutomator2][39m calling get location: e317052d-9c1d-4796-87df-7896a9a0c95a
[35m[HTTP][39m [37m<-- POST /wd/hub/session/acc82b60-f2a0-4c39-b255-b8c6bfd24bb0/touch/perform [39m[32m200[39m [90m186 ms - 14[39m
[35m[HTTP][39m [90m[39m
[35m[HTTP][39m [37m-->[39m [37mGET[39m [37m/wd/hub/session/acc82b60-f2a0-4c39-b255-b8c6bfd24bb0/source[39m
[35m[HTTP][39m [90m{}[39m
[35m[W3C (acc82b60)][39m Driver proxy active, passing request on via HTTP proxy
[35m[WD Proxy][39m Replacing sessionId 22172a7e-9387-4cb8-bdac-ddb10d2b03a6 with acc82b60-f2a0-4c39-b255-b8c6bfd24bb0
[35m[HTTP][39m [37m<-- GET /wd/hub/session/acc82b60-f2a0-4c39-b255-b8c6bfd24bb0/source [39m[32m200[39m [90m1128 ms - 28074[39m
[35m[HTTP][39m [90m[39m
[35m[HTTP][39m [37m-->[39m [37mGET[39m [37m/wd/hub/session/acc82b60-f2a0-4c39-b255-b8c6bfd24bb0/screenshot[39m
[35m[HTTP][39m [90m{}[39m
[35m[HTTP][39m [37m<-- GET /wd/hub/session/acc82b60-f2a0-4c39-b255-b8c6bfd24bb0/screenshot [39m[32m200[39m [90m521 ms - 42872[39m
[35m[HTTP][39m [90m[39m
[35m[HTTP][39m [37m-->[39m [37mGET[39m [37m/wd/hub/session/acc82b60-f2a0-4c39-b255-b8c6bfd24bb0/source[39m
[35m[HTTP][39m [90m{}[39m
[35m[W3C (acc82b60)][39m Driver proxy active, passing request on via HTTP proxy
[35m[WD Proxy][39m Replacing sessionId 22172a7e-9387-4cb8-bdac-ddb10d2b03a6 with acc82b60-f2a0-4c39-b255-b8c6bfd24bb0
[35m[HTTP][39m [37m<-- GET /wd/hub/session/acc82b60-f2a0-4c39-b255-b8c6bfd24bb0/source [39m[32m200[39m [90m732 ms - 20318[39m
[35m[HTTP][39m [90m[39m
[35m[HTTP][39m [37m-->[39m [37mGET[39m [37m/wd/hub/session/acc82b60-f2a0-4c39-b255-b8c6bfd24bb0/screenshot[39m
[35m[HTTP][39m [90m{}[39m
[35m[HTTP][39m [37m<-- GET /wd/hub/session/acc82b60-f2a0-4c39-b255-b8c6bfd24bb0/screenshot [39m[32m200[39m [90m1601 ms - 1680138[39m
[35m[HTTP][39m [90m[39m
[35m[HTTP][39m [37m-->[39m [37mDELETE[39m [37m/wd/hub/session/acc82b60-f2a0-4c39-b255-b8c6bfd24bb0[39m
[35m[HTTP][39m [90m{}[39m
[35m[Appium][39m Removing session acc82b60-f2a0-4c39-b255-b8c6bfd24bb0 from our master session list
[35m[WD Proxy][39m Got response with unknown status: {"code":"ECONNRESET"}
[35m[UiAutomator2][39m Did not get confirmation UiAutomator2 deleteSession worked; Error was: UnknownError: An unknown server-side error occurred while processing the command. Original error: Could not proxy command to remote server. Original error: Error: socket hang up
[35m[UiAutomator2][39m Restoring hidden api policy to the device default configuration
